19:40:46 **** Build of configuration Debug for project Lab1B ****
make all 
'Building file: ../src/gpio_handler.c'
'Invoking: MicroBlaze gcc compiler'
mb-gcc -Wall -O0 -g3 -c -fmessage-length=0 -MT"src/gpio_handler.o" -I../../Lab1B_bsp/microblaze_0/include -mlittle-endian -mxl-barrel-shift -mcpu=v11.0 -mno-xl-soft-mul -Wl,--no-relax -ffunction-sections -fdata-sections -MMD -MP -MF"src/gpio_handler.d" -MT"src/gpio_handler.o" -o "src/gpio_handler.o" "../src/gpio_handler.c"
In file included from ../src/CONSTANTS.h:9,
                 from ../src/gpio_handler.h:14,
                 from ../src/gpio_handler.c:9:
../../Lab1B_bsp/microblaze_0/include/xbasic_types.h:120:2: warning: #warning The xbasics_type.h file is deprecated and users should use xil_types.h and xil_assert. [-Wcpp]
 #warning  The xbasics_type.h file is deprecated and users should use xil_types.h and xil_assert.
  ^~~~~~~
../../Lab1B_bsp/microblaze_0/include/xbasic_types.h:121:2: warning: #warning Please refer the Standalone BSP UG647 for further details [-Wcpp]
 #warning  Please refer the Standalone BSP UG647 for further details
  ^~~~~~~
'Finished building: ../src/gpio_handler.c'
' '
'Building file: ../src/init.c'
'Invoking: MicroBlaze gcc compiler'
mb-gcc -Wall -O0 -g3 -c -fmessage-length=0 -MT"src/init.o" -I../../Lab1B_bsp/microblaze_0/include -mlittle-endian -mxl-barrel-shift -mcpu=v11.0 -mno-xl-soft-mul -Wl,--no-relax -ffunction-sections -fdata-sections -MMD -MP -MF"src/init.d" -MT"src/init.o" -o "src/init.o" "../src/init.c"
In file included from ../src/CONSTANTS.h:9,
                 from ../src/timer_handler.h:11,
                 from ../src/init.h:16,
                 from ../src/init.c:4:
../../Lab1B_bsp/microblaze_0/include/xbasic_types.h:120:2: warning: #warning The xbasics_type.h file is deprecated and users should use xil_types.h and xil_assert. [-Wcpp]
 #warning  The xbasics_type.h file is deprecated and users should use xil_types.h and xil_assert.
  ^~~~~~~
../../Lab1B_bsp/microblaze_0/include/xbasic_types.h:121:2: warning: #warning Please refer the Standalone BSP UG647 for further details [-Wcpp]
 #warning  Please refer the Standalone BSP UG647 for further details
  ^~~~~~~
In file included from ../../Lab1B_bsp/microblaze_0/include/xtmrctr.h:179,
                 from ../src/init.h:13,
                 from ../src/init.c:4:
../src/init.c: In function 'initialize':
../../Lab1B_bsp/microblaze_0/include/xstatus.h:61:41: warning: 'return' with a value, in function returning void
 #define XST_FAILURE                     1L
                                         ^~
../src/init.c:16:10: note: in expansion of macro 'XST_FAILURE'
   return XST_FAILURE;
          ^~~~~~~~~~~
../src/init.c:7:6: note: declared here
 void initialize()
      ^~~~~~~~~~
In file included from ../../Lab1B_bsp/microblaze_0/include/xtmrctr.h:179,
                 from ../src/init.h:13,
                 from ../src/init.c:4:
../../Lab1B_bsp/microblaze_0/include/xstatus.h:61:41: warning: 'return' with a value, in function returning void
 #define XST_FAILURE                     1L
                                         ^~
../src/init.c:24:10: note: in expansion of macro 'XST_FAILURE'
   return XST_FAILURE;
          ^~~~~~~~~~~
../src/init.c:7:6: note: declared here
 void initialize()
      ^~~~~~~~~~
In file included from ../../Lab1B_bsp/microblaze_0/include/xtmrctr.h:179,
                 from ../src/init.h:13,
                 from ../src/init.c:4:
../../Lab1B_bsp/microblaze_0/include/xstatus.h:61:41: warning: 'return' with a value, in function returning void
 #define XST_FAILURE                     1L
                                         ^~
../src/init.c:31:10: note: in expansion of macro 'XST_FAILURE'
   return XST_FAILURE;
          ^~~~~~~~~~~
../src/init.c:7:6: note: declared here
 void initialize()
      ^~~~~~~~~~
In file included from ../../Lab1B_bsp/microblaze_0/include/xtmrctr.h:179,
                 from ../src/init.h:13,
                 from ../src/init.c:4:
../../Lab1B_bsp/microblaze_0/include/xstatus.h:61:41: warning: 'return' with a value, in function returning void
 #define XST_FAILURE                     1L
                                         ^~
../src/init.c:40:10: note: in expansion of macro 'XST_FAILURE'
   return XST_FAILURE;
          ^~~~~~~~~~~
../src/init.c:7:6: note: declared here
 void initialize()
      ^~~~~~~~~~
In file included from ../../Lab1B_bsp/microblaze_0/include/xtmrctr.h:179,
                 from ../src/init.h:13,
                 from ../src/init.c:4:
../../Lab1B_bsp/microblaze_0/include/xstatus.h:61:41: warning: 'return' with a value, in function returning void
 #define XST_FAILURE                     1L
                                         ^~
../src/init.c:53:13: note: in expansion of macro 'XST_FAILURE'
      return XST_FAILURE;
             ^~~~~~~~~~~
../src/init.c:7:6: note: declared here
 void initialize()
      ^~~~~~~~~~
In file included from ../../Lab1B_bsp/microblaze_0/include/xtmrctr.h:179,
                 from ../src/init.h:13,
                 from ../src/init.c:4:
../../Lab1B_bsp/microblaze_0/include/xstatus.h:61:41: warning: 'return' with a value, in function returning void
 #define XST_FAILURE                     1L
                                         ^~
../src/init.c:67:10: note: in expansion of macro 'XST_FAILURE'
   return XST_FAILURE;
          ^~~~~~~~~~~
../src/init.c:7:6: note: declared here
 void initialize()
      ^~~~~~~~~~
In file included from ../../Lab1B_bsp/microblaze_0/include/xtmrctr.h:179,
                 from ../src/init.h:13,
                 from ../src/init.c:4:
../../Lab1B_bsp/microblaze_0/include/xstatus.h:61:41: warning: 'return' with a value, in function returning void
 #define XST_FAILURE                     1L
                                         ^~
../src/init.c:72:10: note: in expansion of macro 'XST_FAILURE'
   return XST_FAILURE;
          ^~~~~~~~~~~
../src/init.c:7:6: note: declared here
 void initialize()
      ^~~~~~~~~~
In file included from ../../Lab1B_bsp/microblaze_0/include/xtmrctr.h:179,
                 from ../src/init.h:13,
                 from ../src/init.c:4:
../../Lab1B_bsp/microblaze_0/include/xstatus.h:61:41: warning: 'return' with a value, in function returning void
 #define XST_FAILURE                     1L
                                         ^~
../src/init.c:78:10: note: in expansion of macro 'XST_FAILURE'
   return XST_FAILURE;
          ^~~~~~~~~~~
../src/init.c:7:6: note: declared here
 void initialize()
      ^~~~~~~~~~
In file included from ../../Lab1B_bsp/microblaze_0/include/xtmrctr.h:179,
                 from ../src/init.h:13,
                 from ../src/init.c:4:
../../Lab1B_bsp/microblaze_0/include/xstatus.h:61:41: warning: 'return' with a value, in function returning void
 #define XST_FAILURE                     1L
                                         ^~
../src/init.c:86:13: note: in expansion of macro 'XST_FAILURE'
      return XST_FAILURE;
             ^~~~~~~~~~~
../src/init.c:7:6: note: declared here
 void initialize()
      ^~~~~~~~~~
'Finished building: ../src/init.c'
' '
'Building file: ../src/main.c'
'Invoking: MicroBlaze gcc compiler'
mb-gcc -Wall -O0 -g3 -c -fmessage-length=0 -MT"src/main.o" -I../../Lab1B_bsp/microblaze_0/include -mlittle-endian -mxl-barrel-shift -mcpu=v11.0 -mno-xl-soft-mul -Wl,--no-relax -ffunction-sections -fdata-sections -MMD -MP -MF"src/main.d" -MT"src/main.o" -o "src/main.o" "../src/main.c"
../src/main.c:51:10: fatal error: sevenSeg_new.h: No such file or directory
 #include "sevenSeg_new.h"
          ^~~~~~~~~~~~~~~~
compilation terminated.
make: *** [src/subdir.mk:35: src/main.o] Error 1

19:40:47 Build Finished (took 1s.165ms)

